<?xml version="1.0" encoding="UTF-8"?>
<!-- Generated by org.testng.reporters.JUnitReportReporter -->
<testsuite hostname="DESKTOP-4UEO4TP" name="com.demo.Testng.Testng1" tests="1" failures="0" timestamp="5 Feb 2022 14:58:55 GMT" time="16.118" errors="0">
  <testcase name="chromebrwsr" time="16.118" classname="com.demo.Testng.Testng1"/>
</testsuite> <!-- com.demo.Testng.Testng1 -->
