<?xml version="1.0" encoding="UTF-8"?>
<!-- Generated by org.testng.reporters.JUnitReportReporter -->
<testsuite hostname="DESKTOP-4UEO4TP" name="com.demo.Testng.test2" tests="2" failures="0" timestamp="4 Feb 2022 17:49:18 GMT" time="0.036" errors="0">
  <testcase name="m2" time="0.005" classname="com.demo.Testng.test2"/>
  <testcase name="m1" time="0.031" classname="com.demo.Testng.test2"/>
</testsuite> <!-- com.demo.Testng.test2 -->
